<?xml version="1.0" encoding="UTF-8"?>
<!-- Generated by org.testng.reporters.JUnitReportReporter -->
<testsuite hostname="OJT0156998" name="com.stockAccounting.Testcase.testngstockitemcreation" tests="1" failures="0" timestamp="23 Jun 2016 03:16:37 GMT" time="16.332" errors="0">
  <testcase name="Stock_Creation" time="16.332" classname="com.stockAccounting.Testcase.testngstockitemcreation"/>
</testsuite> <!-- com.stockAccounting.Testcase.testngstockitemcreation -->
