<?xml version="1.0" encoding="UTF-8"?>
<!-- Generated by org.testng.reporters.JUnitReportReporter -->
<testsuite hostname="OJT0156998" name="com.StockAccountin.pom.logintest" tests="1" failures="0" timestamp="28 Jun 2016 02:40:45 GMT" time="26.961" errors="0">
  <testcase name="login" time="26.961" classname="com.StockAccountin.pom.logintest"/>
</testsuite> <!-- com.StockAccountin.pom.logintest -->
