<?xml version="1.0" encoding="UTF-8"?>
<!-- Generated by org.testng.reporters.JUnitReportReporter -->
<testsuite hostname="OJT0156998" name="com.stockAccounting.master.testngStockAccMaster" tests="1" failures="0" timestamp="23 Jun 2016 02:38:43 GMT" time="0.015" errors="0">
  <testcase name="StockAcc_SupplierCreation" time="0.015" classname="com.stockAccounting.master.testngStockAccMaster"/>
</testsuite> <!-- com.stockAccounting.master.testngStockAccMaster -->
