<?xml version="1.0" encoding="UTF-8"?>
<!-- Generated by org.testng.reporters.JUnitReportReporter -->
<testsuite hostname="OJT0156998" name="com.stockAccounting.Testcase.testngstockcategoriescreation" tests="1" failures="0" timestamp="23 Jun 2016 04:33:17 GMT" time="26.016" errors="0">
  <testcase name="Stockcategory_creation" time="26.016" classname="com.stockAccounting.Testcase.testngstockcategoriescreation"/>
</testsuite> <!-- com.stockAccounting.Testcase.testngstockcategoriescreation -->
